This is pdfTeX, Version 3.14159265-2.6-1.40.15 (MiKTeX 2.9 64-bit) (preloaded format=pdflatex 2015.10.14)  7 MAR 2017 21:27
entering extended mode
**A_thesis.tex
(A_thesis.tex
LaTeX2e <2014/05/01>
Babel <3.9l> and hyphenation patterns for 68 languages loaded.
(puthesis.cls
Document Class: puthesis 2017/02/22 Purdue thesis class, version 1.9.22
("E:\MiKTeX 2.9\tex\latex\base\ifthen.sty"
Package: ifthen 2014/09/29 v1.1c Standard LaTeX ifthen package (DPC)
)
("E:\MiKTeX 2.9\tex\latex\endnotes\endnotes.sty"
\c@endnote=\count79
\endnotesep=\dimen102
\@enotes=\write3
) (pulongtable.sty
Package: pulongtable 2004/02/01 v4.11 Multi-page Table package (DPC)
\LTleft=\skip41
\LTright=\skip42
\LTpre=\skip43
\LTpost=\skip44
\LTchunksize=\count80
\LTcapwidth=\dimen103
\LT@head=\box26
\LT@firsthead=\box27
\LT@foot=\box28
\LT@lastfoot=\box29
\LT@cols=\count81
\LT@rows=\count82
\c@LT@tables=\count83
\c@LT@chunks=\count84
\LT@p@ftn=\toks14
)
("E:\MiKTeX 2.9\tex\latex\rotating\rotating.sty"
Package: rotating 2009/03/28 v2.16a rotated objects in LaTeX

("E:\MiKTeX 2.9\tex\latex\graphics\graphicx.sty"
Package: graphicx 2014/10/28 v1.0g Enhanced LaTeX Graphics (DPC,SPQR)

("E:\MiKTeX 2.9\tex\latex\graphics\keyval.sty"
Package: keyval 2014/10/28 v1.15 key=value parser (DPC)
\KV@toks@=\toks15
)
("E:\MiKTeX 2.9\tex\latex\graphics\graphics.sty"
Package: graphics 2014/10/28 v1.0p Standard LaTeX Graphics (DPC,SPQR)

("E:\MiKTeX 2.9\tex\latex\graphics\trig.sty"
Package: trig 1999/03/16 v1.09 sin cos tan (DPC)
)
("E:\MiKTeX 2.9\tex\latex\00miktex\graphics.cfg"
File: graphics.cfg 2007/01/18 v1.5 graphics configuration of teTeX/TeXLive
)
Package graphics Info: Driver file: pdftex.def on input line 91.

("E:\MiKTeX 2.9\tex\latex\pdftex-def\pdftex.def"
File: pdftex.def 2011/05/27 v0.06d Graphics/color for pdfTeX

("E:\MiKTeX 2.9\tex\generic\oberdiek\infwarerr.sty"
Package: infwarerr 2010/04/08 v1.3 Providing info/warning/error messages (HO)
)
("E:\MiKTeX 2.9\tex\generic\oberdiek\ltxcmds.sty"
Package: ltxcmds 2011/11/09 v1.22 LaTeX kernel commands for general use (HO)
)
\Gread@gobject=\count85
))
\Gin@req@height=\dimen104
\Gin@req@width=\dimen105
)
\c@r@tfl@t=\count86
\rotFPtop=\skip45
\rotFPbot=\skip46
\rot@float@box=\box30
\rot@mess@toks=\toks16
)
("E:\MiKTeX 2.9\tex\latex\graphics\lscape.sty"
Package: lscape 2000/10/22 v3.01 Landscape Pages (DPC)
)
("E:\MiKTeX 2.9\tex\latex\geometry\geometry.sty"
Package: geometry 2010/09/12 v5.6 Page Geometry

("E:\MiKTeX 2.9\tex\generic\oberdiek\ifpdf.sty"
Package: ifpdf 2011/01/30 v2.3 Provides the ifpdf switch (HO)
Package ifpdf Info: pdfTeX in PDF mode is detected.
)
("E:\MiKTeX 2.9\tex\generic\oberdiek\ifvtex.sty"
Package: ifvtex 2010/03/01 v1.5 Detect VTeX and its facilities (HO)
Package ifvtex Info: VTeX not detected.
)
("E:\MiKTeX 2.9\tex\generic\ifxetex\ifxetex.sty"
Package: ifxetex 2010/09/12 v0.6 Provides ifxetex conditional
)
\Gm@cnth=\count87
\Gm@cntv=\count88
\c@Gm@tempcnt=\count89
\Gm@bindingoffset=\dimen106
\Gm@wd@mp=\dimen107
\Gm@odd@mp=\dimen108
\Gm@even@mp=\dimen109
\Gm@layoutwidth=\dimen110
\Gm@layoutheight=\dimen111
\Gm@layouthoffset=\dimen112
\Gm@layoutvoffset=\dimen113
\Gm@dimlist=\toks17

("E:\MiKTeX 2.9\tex\latex\geometry\geometry.cfg"))
\@@i=\count90
\c@@@tcount=\count91
\c@@@volume=\count92
\c@last@@volume=\count93
\c@save@@page=\count94
\@@captionwidth=\skip47
\@@parindent=\skip48
\@@padding=\skip49
\@@tlength=\skip50
\@@ulength=\skip51

("E:\MiKTeX 2.9\tex\latex\base\report.cls"
Document Class: report 2014/09/29 v1.4h Standard LaTeX document class
("E:\MiKTeX 2.9\tex\latex\base\size12.clo"
File: size12.clo 2014/09/29 v1.4h Standard LaTeX file (size option)
)
\c@part=\count95
\c@chapter=\count96
\c@section=\count97
\c@subsection=\count98
\c@subsubsection=\count99
\c@paragraph=\count100
\c@subparagraph=\count101
\c@figure=\count102
\c@table=\count103
\abovecaptionskip=\skip52
\belowcaptionskip=\skip53
\bibindent=\dimen114
)
\c@definition=\count104
\c@observation=\count105
\proofbox=\box31
\c@Proof=\count106
\c@proposition=\count107
\c@theorem=\count108

("E:\MiKTeX 2.9\tex\latex\cite\cite.sty"
LaTeX Info: Redefining \cite on input line 302.
LaTeX Info: Redefining \nocite on input line 332.
Package: cite 2015/02/27  v 5.5
))
("E:\MiKTeX 2.9\tex\latex\amsmath\amsmath.sty"
Package: amsmath 2013/01/14 v2.14 AMS math features
\@mathmargin=\skip54

For additional information on amsmath, use the `?' option.
("E:\MiKTeX 2.9\tex\latex\amsmath\amstext.sty"
Package: amstext 2000/06/29 v2.01

("E:\MiKTeX 2.9\tex\latex\amsmath\amsgen.sty"
File: amsgen.sty 1999/11/30 v2.0
\@emptytoks=\toks18
\ex@=\dimen115
))
("E:\MiKTeX 2.9\tex\latex\amsmath\amsbsy.sty"
Package: amsbsy 1999/11/29 v1.2d
\pmbraise@=\dimen116
)
("E:\MiKTeX 2.9\tex\latex\amsmath\amsopn.sty"
Package: amsopn 1999/12/14 v2.01 operator names
)
\inf@bad=\count109
LaTeX Info: Redefining \frac on input line 210.
\uproot@=\count110
\leftroot@=\count111
LaTeX Info: Redefining \overline on input line 306.
\classnum@=\count112
\DOTSCASE@=\count113
LaTeX Info: Redefining \ldots on input line 378.
LaTeX Info: Redefining \dots on input line 381.
LaTeX Info: Redefining \cdots on input line 466.
\Mathstrutbox@=\box32
\strutbox@=\box33
\big@size=\dimen117
LaTeX Font Info:    Redeclaring font encoding OML on input line 566.
LaTeX Font Info:    Redeclaring font encoding OMS on input line 567.
\macc@depth=\count114
\c@MaxMatrixCols=\count115
\dotsspace@=\muskip10
\c@parentequation=\count116
\dspbrk@lvl=\count117
\tag@help=\toks19
\row@=\count118
\column@=\count119
\maxfields@=\count120
\andhelp@=\toks20
\eqnshift@=\dimen118
\alignsep@=\dimen119
\tagshift@=\dimen120
\tagwidth@=\dimen121
\totwidth@=\dimen122
\lineht@=\dimen123
\@envbody=\toks21
\multlinegap=\skip55
\multlinetaggap=\skip56
\mathdisplay@stack=\toks22
LaTeX Info: Redefining \[ on input line 2665.
LaTeX Info: Redefining \] on input line 2666.
)
("E:\MiKTeX 2.9\tex\latex\tools\multicol.sty"
Package: multicol 2014/10/28 v1.8i multicolumn formatting (FMi)
\c@tracingmulticols=\count121
\mult@box=\box34
\multicol@leftmargin=\dimen124
\c@unbalance=\count122
\c@collectmore=\count123
\doublecol@number=\count124
\multicoltolerance=\count125
\multicolpretolerance=\count126
\full@width=\dimen125
\page@free=\dimen126
\premulticols=\dimen127
\postmulticols=\dimen128
\multicolsep=\skip57
\multicolbaselineskip=\skip58
\partial@page=\box35
\last@line=\box36
\maxbalancingoverflow=\dimen129
\mult@rightbox=\box37
\mult@grightbox=\box38
\mult@gfirstbox=\box39
\mult@firstbox=\box40
\@tempa=\box41
\@tempa=\box42
\@tempa=\box43
\@tempa=\box44
\@tempa=\box45
\@tempa=\box46
\@tempa=\box47
\@tempa=\box48
\@tempa=\box49
\@tempa=\box50
\@tempa=\box51
\@tempa=\box52
\@tempa=\box53
\@tempa=\box54
\@tempa=\box55
\@tempa=\box56
\@tempa=\box57
\c@columnbadness=\count127
\c@finalcolumnbadness=\count128
\last@try=\dimen130
\multicolovershoot=\dimen131
\multicolundershoot=\dimen132
\mult@nat@firstbox=\box58
\colbreak@box=\box59
\mc@col@check@num=\count129
)
("E:\MiKTeX 2.9\tex\latex\subfigure\subfigure.sty"
Package: subfigure 2002/07/30 v2.1.4 subfigure package
\subfigtopskip=\skip59
\subfigcapskip=\skip60
\subfigcaptopadj=\dimen133
\subfigbottomskip=\skip61
\subfigcapmargin=\dimen134
\subfiglabelskip=\skip62
\c@subfigure=\count130
\c@lofdepth=\count131
\c@subtable=\count132
\c@lotdepth=\count133

****************************************
* Local config file subfigure.cfg used *
****************************************
("E:\MiKTeX 2.9\tex\latex\subfigure\subfigure.cfg")
\subfig@top=\skip63
\subfig@bottom=\skip64
)
("E:\MiKTeX 2.9\tex\latex\pgf\frontendlayer\tikz.sty"
("E:\MiKTeX 2.9\tex\latex\pgf\basiclayer\pgf.sty"
("E:\MiKTeX 2.9\tex\latex\pgf\utilities\pgfrcs.sty"
("E:\MiKTeX 2.9\tex\generic\pgf\utilities\pgfutil-common.tex"
\pgfutil@everybye=\toks23
\pgfutil@tempdima=\dimen135
\pgfutil@tempdimb=\dimen136

("E:\MiKTeX 2.9\tex\generic\pgf\utilities\pgfutil-common-lists.tex"))
("E:\MiKTeX 2.9\tex\generic\pgf\utilities\pgfutil-latex.def"
\pgfutil@abb=\box60

("E:\MiKTeX 2.9\tex\latex\ms\everyshi.sty"
Package: everyshi 2001/05/15 v3.00 EveryShipout Package (MS)
))
("E:\MiKTeX 2.9\tex\generic\pgf\utilities\pgfrcs.code.tex"
Package: pgfrcs 2013/12/20 v3.0.0 (rcs-revision 1.28)
))
Package: pgf 2013/12/18 v3.0.0 (rcs-revision 1.14)

("E:\MiKTeX 2.9\tex\latex\pgf\basiclayer\pgfcore.sty"
("E:\MiKTeX 2.9\tex\latex\pgf\systemlayer\pgfsys.sty"
("E:\MiKTeX 2.9\tex\generic\pgf\systemlayer\pgfsys.code.tex"
Package: pgfsys 2013/11/30 v3.0.0 (rcs-revision 1.47)

("E:\MiKTeX 2.9\tex\generic\pgf\utilities\pgfkeys.code.tex"
\pgfkeys@pathtoks=\toks24
\pgfkeys@temptoks=\toks25

("E:\MiKTeX 2.9\tex\generic\pgf\utilities\pgfkeysfiltered.code.tex"
\pgfkeys@tmptoks=\toks26
))
\pgf@x=\dimen137
\pgf@y=\dimen138
\pgf@xa=\dimen139
\pgf@ya=\dimen140
\pgf@xb=\dimen141
\pgf@yb=\dimen142
\pgf@xc=\dimen143
\pgf@yc=\dimen144
\w@pgf@writea=\write4
\r@pgf@reada=\read1
\c@pgf@counta=\count134
\c@pgf@countb=\count135
\c@pgf@countc=\count136
\c@pgf@countd=\count137
\t@pgf@toka=\toks27
\t@pgf@tokb=\toks28
\t@pgf@tokc=\toks29

("E:\MiKTeX 2.9\tex\generic\pgf\systemlayer\pgf.cfg"
File: pgf.cfg 2008/05/14  (rcs-revision 1.7)
)
Driver file for pgf: pgfsys-pdftex.def

("E:\MiKTeX 2.9\tex\generic\pgf\systemlayer\pgfsys-pdftex.def"
File: pgfsys-pdftex.def 2013/07/18  (rcs-revision 1.33)

("E:\MiKTeX 2.9\tex\generic\pgf\systemlayer\pgfsys-common-pdf.def"
File: pgfsys-common-pdf.def 2013/10/10  (rcs-revision 1.13)
)))
("E:\MiKTeX 2.9\tex\generic\pgf\systemlayer\pgfsyssoftpath.code.tex"
File: pgfsyssoftpath.code.tex 2013/09/09  (rcs-revision 1.9)
\pgfsyssoftpath@smallbuffer@items=\count138
\pgfsyssoftpath@bigbuffer@items=\count139
)
("E:\MiKTeX 2.9\tex\generic\pgf\systemlayer\pgfsysprotocol.code.tex"
File: pgfsysprotocol.code.tex 2006/10/16  (rcs-revision 1.4)
))
("E:\MiKTeX 2.9\tex\latex\xcolor\xcolor.sty"
Package: xcolor 2007/01/21 v2.11 LaTeX color extensions (UK)

("E:\MiKTeX 2.9\tex\latex\00miktex\color.cfg"
File: color.cfg 2007/01/18 v1.5 color configuration of teTeX/TeXLive
)
Package xcolor Info: Driver file: pdftex.def on input line 225.
Package xcolor Info: Model `cmy' substituted by `cmy0' on input line 1337.
Package xcolor Info: Model `hsb' substituted by `rgb' on input line 1341.
Package xcolor Info: Model `RGB' extended on input line 1353.
Package xcolor Info: Model `HTML' substituted by `rgb' on input line 1355.
Package xcolor Info: Model `Hsb' substituted by `hsb' on input line 1356.
Package xcolor Info: Model `tHsb' substituted by `hsb' on input line 1357.
Package xcolor Info: Model `HSB' substituted by `hsb' on input line 1358.
Package xcolor Info: Model `Gray' substituted by `gray' on input line 1359.
Package xcolor Info: Model `wave' substituted by `hsb' on input line 1360.
)
("E:\MiKTeX 2.9\tex\generic\pgf\basiclayer\pgfcore.code.tex"
Package: pgfcore 2010/04/11 v3.0.0 (rcs-revision 1.7)

("E:\MiKTeX 2.9\tex\generic\pgf\math\pgfmath.code.tex"
("E:\MiKTeX 2.9\tex\generic\pgf\math\pgfmathcalc.code.tex"
("E:\MiKTeX 2.9\tex\generic\pgf\math\pgfmathutil.code.tex")
("E:\MiKTeX 2.9\tex\generic\pgf\math\pgfmathparser.code.tex"
\pgfmath@dimen=\dimen145
\pgfmath@count=\count140
\pgfmath@box=\box61
\pgfmath@toks=\toks30
\pgfmath@stack@operand=\toks31
\pgfmath@stack@operation=\toks32
)
("E:\MiKTeX 2.9\tex\generic\pgf\math\pgfmathfunctions.code.tex"
("E:\MiKTeX 2.9\tex\generic\pgf\math\pgfmathfunctions.basic.code.tex")
("E:\MiKTeX 2.9\tex\generic\pgf\math\pgfmathfunctions.trigonometric.code.tex")
("E:\MiKTeX 2.9\tex\generic\pgf\math\pgfmathfunctions.random.code.tex")
("E:\MiKTeX 2.9\tex\generic\pgf\math\pgfmathfunctions.comparison.code.tex")
("E:\MiKTeX 2.9\tex\generic\pgf\math\pgfmathfunctions.base.code.tex")
("E:\MiKTeX 2.9\tex\generic\pgf\math\pgfmathfunctions.round.code.tex")
("E:\MiKTeX 2.9\tex\generic\pgf\math\pgfmathfunctions.misc.code.tex")
("E:\MiKTeX 2.9\tex\generic\pgf\math\pgfmathfunctions.integerarithmetics.code.t
ex"))) ("E:\MiKTeX 2.9\tex\generic\pgf\math\pgfmathfloat.code.tex"
\c@pgfmathroundto@lastzeros=\count141
))
("E:\MiKTeX 2.9\tex\generic\pgf\basiclayer\pgfcorepoints.code.tex"
File: pgfcorepoints.code.tex 2013/10/07  (rcs-revision 1.27)
\pgf@picminx=\dimen146
\pgf@picmaxx=\dimen147
\pgf@picminy=\dimen148
\pgf@picmaxy=\dimen149
\pgf@pathminx=\dimen150
\pgf@pathmaxx=\dimen151
\pgf@pathminy=\dimen152
\pgf@pathmaxy=\dimen153
\pgf@xx=\dimen154
\pgf@xy=\dimen155
\pgf@yx=\dimen156
\pgf@yy=\dimen157
\pgf@zx=\dimen158
\pgf@zy=\dimen159
)
("E:\MiKTeX 2.9\tex\generic\pgf\basiclayer\pgfcorepathconstruct.code.tex"
File: pgfcorepathconstruct.code.tex 2013/10/07  (rcs-revision 1.29)
\pgf@path@lastx=\dimen160
\pgf@path@lasty=\dimen161
)
("E:\MiKTeX 2.9\tex\generic\pgf\basiclayer\pgfcorepathusage.code.tex"
File: pgfcorepathusage.code.tex 2013/12/13  (rcs-revision 1.23)
\pgf@shorten@end@additional=\dimen162
\pgf@shorten@start@additional=\dimen163
)
("E:\MiKTeX 2.9\tex\generic\pgf\basiclayer\pgfcorescopes.code.tex"
File: pgfcorescopes.code.tex 2013/10/09  (rcs-revision 1.44)
\pgfpic=\box62
\pgf@hbox=\box63
\pgf@layerbox@main=\box64
\pgf@picture@serial@count=\count142
)
("E:\MiKTeX 2.9\tex\generic\pgf\basiclayer\pgfcoregraphicstate.code.tex"
File: pgfcoregraphicstate.code.tex 2013/09/19  (rcs-revision 1.11)
\pgflinewidth=\dimen164
)
("E:\MiKTeX 2.9\tex\generic\pgf\basiclayer\pgfcoretransformations.code.tex"
File: pgfcoretransformations.code.tex 2013/10/10  (rcs-revision 1.17)
\pgf@pt@x=\dimen165
\pgf@pt@y=\dimen166
\pgf@pt@temp=\dimen167
)
("E:\MiKTeX 2.9\tex\generic\pgf\basiclayer\pgfcorequick.code.tex"
File: pgfcorequick.code.tex 2008/10/09  (rcs-revision 1.3)
)
("E:\MiKTeX 2.9\tex\generic\pgf\basiclayer\pgfcoreobjects.code.tex"
File: pgfcoreobjects.code.tex 2006/10/11  (rcs-revision 1.2)
)
("E:\MiKTeX 2.9\tex\generic\pgf\basiclayer\pgfcorepathprocessing.code.tex"
File: pgfcorepathprocessing.code.tex 2013/09/09  (rcs-revision 1.9)
)
("E:\MiKTeX 2.9\tex\generic\pgf\basiclayer\pgfcorearrows.code.tex"
File: pgfcorearrows.code.tex 2013/11/07  (rcs-revision 1.40)
\pgfarrowsep=\dimen168
)
("E:\MiKTeX 2.9\tex\generic\pgf\basiclayer\pgfcoreshade.code.tex"
File: pgfcoreshade.code.tex 2013/07/15  (rcs-revision 1.15)
\pgf@max=\dimen169
\pgf@sys@shading@range@num=\count143
)
("E:\MiKTeX 2.9\tex\generic\pgf\basiclayer\pgfcoreimage.code.tex"
File: pgfcoreimage.code.tex 2013/07/15  (rcs-revision 1.18)

("E:\MiKTeX 2.9\tex\generic\pgf\basiclayer\pgfcoreexternal.code.tex"
File: pgfcoreexternal.code.tex 2013/07/15  (rcs-revision 1.20)
\pgfexternal@startupbox=\box65
))
("E:\MiKTeX 2.9\tex\generic\pgf\basiclayer\pgfcorelayers.code.tex"
File: pgfcorelayers.code.tex 2013/07/18  (rcs-revision 1.7)
)
("E:\MiKTeX 2.9\tex\generic\pgf\basiclayer\pgfcoretransparency.code.tex"
File: pgfcoretransparency.code.tex 2013/09/30  (rcs-revision 1.5)
)
("E:\MiKTeX 2.9\tex\generic\pgf\basiclayer\pgfcorepatterns.code.tex"
File: pgfcorepatterns.code.tex 2013/11/07  (rcs-revision 1.5)
)))
("E:\MiKTeX 2.9\tex\generic\pgf\modules\pgfmoduleshapes.code.tex"
File: pgfmoduleshapes.code.tex 2013/10/31  (rcs-revision 1.34)
\pgfnodeparttextbox=\box66
)
("E:\MiKTeX 2.9\tex\generic\pgf\modules\pgfmoduleplot.code.tex"
File: pgfmoduleplot.code.tex 2013/07/31  (rcs-revision 1.12)
)
("E:\MiKTeX 2.9\tex\latex\pgf\compatibility\pgfcomp-version-0-65.sty"
Package: pgfcomp-version-0-65 2007/07/03 v3.0.0 (rcs-revision 1.7)
\pgf@nodesepstart=\dimen170
\pgf@nodesepend=\dimen171
)
("E:\MiKTeX 2.9\tex\latex\pgf\compatibility\pgfcomp-version-1-18.sty"
Package: pgfcomp-version-1-18 2007/07/23 v3.0.0 (rcs-revision 1.1)
))
("E:\MiKTeX 2.9\tex\latex\pgf\utilities\pgffor.sty"
("E:\MiKTeX 2.9\tex\latex\pgf\utilities\pgfkeys.sty"
("E:\MiKTeX 2.9\tex\generic\pgf\utilities\pgfkeys.code.tex"))
("E:\MiKTeX 2.9\tex\latex\pgf\math\pgfmath.sty"
("E:\MiKTeX 2.9\tex\generic\pgf\math\pgfmath.code.tex"))
("E:\MiKTeX 2.9\tex\generic\pgf\utilities\pgffor.code.tex"
Package: pgffor 2013/12/13 v3.0.0 (rcs-revision 1.25)

("E:\MiKTeX 2.9\tex\generic\pgf\math\pgfmath.code.tex")
\pgffor@iter=\dimen172
\pgffor@skip=\dimen173
\pgffor@stack=\toks33
\pgffor@toks=\toks34
))
("E:\MiKTeX 2.9\tex\generic\pgf\frontendlayer\tikz\tikz.code.tex"
Package: tikz 2013/12/13 v3.0.0 (rcs-revision 1.142)

("E:\MiKTeX 2.9\tex\generic\pgf\libraries\pgflibraryplothandlers.code.tex"
File: pgflibraryplothandlers.code.tex 2013/08/31 v3.0.0 (rcs-revision 1.20)
\pgf@plot@mark@count=\count144
\pgfplotmarksize=\dimen174
)
\tikz@lastx=\dimen175
\tikz@lasty=\dimen176
\tikz@lastxsaved=\dimen177
\tikz@lastysaved=\dimen178
\tikzleveldistance=\dimen179
\tikzsiblingdistance=\dimen180
\tikz@figbox=\box67
\tikz@figbox@bg=\box68
\tikz@tempbox=\box69
\tikz@tempbox@bg=\box70
\tikztreelevel=\count145
\tikznumberofchildren=\count146
\tikznumberofcurrentchild=\count147
\tikz@fig@count=\count148

("E:\MiKTeX 2.9\tex\generic\pgf\modules\pgfmodulematrix.code.tex"
File: pgfmodulematrix.code.tex 2013/09/17  (rcs-revision 1.8)
\pgfmatrixcurrentrow=\count149
\pgfmatrixcurrentcolumn=\count150
\pgf@matrix@numberofcolumns=\count151
)
\tikz@expandcount=\count152

("E:\MiKTeX 2.9\tex\generic\pgf\frontendlayer\tikz\libraries\tikzlibrarytopaths
.code.tex"
File: tikzlibrarytopaths.code.tex 2008/06/17 v3.0.0 (rcs-revision 1.2)
))) ("E:\MiKTeX 2.9\tex\latex\algorithms\algorithm.sty"
Package: algorithm 2009/08/24 v0.1 Document Style `algorithm' - floating enviro
nment

("E:\MiKTeX 2.9\tex\latex\float\float.sty"
Package: float 2001/11/08 v1.3d Float enhancements (AL)
\c@float@type=\count153
\float@exts=\toks35
\float@box=\box71
\@float@everytoks=\toks36
\@floatcapt=\box72
)
\@float@every@algorithm=\toks37
\c@algorithm=\count154
)
("E:\MiKTeX 2.9\tex\latex\algorithms\algorithmic.sty"
Package: algorithmic 2009/08/24 v0.1 Document Style `algorithmic'
\c@ALC@unique=\count155
\c@ALC@line=\count156
\c@ALC@rem=\count157
\c@ALC@depth=\count158
\ALC@tlm=\skip65
\algorithmicindent=\skip66
)
("E:\MiKTeX 2.9\tex\generic\pgf\frontendlayer\tikz\libraries\tikzlibrarymatrix.
code.tex"
File: tikzlibrarymatrix.code.tex 2013/07/12 v3.0.0 (rcs-revision 1.4)
)
("E:\MiKTeX 2.9\tex\generic\pgf\frontendlayer\tikz\libraries\tikzlibraryshapes.
code.tex"
File: tikzlibraryshapes.code.tex 2008/01/09 v3.0.0 (rcs-revision 1.1)

("E:\MiKTeX 2.9\tex\generic\pgf\frontendlayer\tikz\libraries\tikzlibraryshapes.
geometric.code.tex"
File: tikzlibraryshapes.geometric.code.tex 2008/01/09 v3.0.0 (rcs-revision 1.1)


("E:\MiKTeX 2.9\tex\generic\pgf\libraries\shapes\pgflibraryshapes.geometric.cod
e.tex"
File: pgflibraryshapes.geometric.code.tex 2008/06/26 v3.0.0 (rcs-revision 1.1)
))
("E:\MiKTeX 2.9\tex\generic\pgf\frontendlayer\tikz\libraries\tikzlibraryshapes.
misc.code.tex"
File: tikzlibraryshapes.misc.code.tex 2008/01/09 v3.0.0 (rcs-revision 1.1)

("E:\MiKTeX 2.9\tex\generic\pgf\libraries\shapes\pgflibraryshapes.misc.code.tex
"
File: pgflibraryshapes.misc.code.tex 2013/07/18 v3.0.0 (rcs-revision 1.5)
))
("E:\MiKTeX 2.9\tex\generic\pgf\frontendlayer\tikz\libraries\tikzlibraryshapes.
symbols.code.tex"
File: tikzlibraryshapes.symbols.code.tex 2008/01/09 v3.0.0 (rcs-revision 1.1)

("E:\MiKTeX 2.9\tex\generic\pgf\libraries\shapes\pgflibraryshapes.symbols.code.
tex"
File: pgflibraryshapes.symbols.code.tex 2013/09/11 v3.0.0 (rcs-revision 1.6)
))
("E:\MiKTeX 2.9\tex\generic\pgf\frontendlayer\tikz\libraries\tikzlibraryshapes.
arrows.code.tex"
File: tikzlibraryshapes.arrows.code.tex 2008/01/09 v3.0.0 (rcs-revision 1.1)

("E:\MiKTeX 2.9\tex\generic\pgf\libraries\shapes\pgflibraryshapes.arrows.code.t
ex"
File: pgflibraryshapes.arrows.code.tex 2008/06/26 v3.0.0 (rcs-revision 1.1)
))
("E:\MiKTeX 2.9\tex\generic\pgf\frontendlayer\tikz\libraries\tikzlibraryshapes.
callouts.code.tex"
("E:\MiKTeX 2.9\tex\generic\pgf\libraries\shapes\pgflibraryshapes.callouts.code
.tex"))
("E:\MiKTeX 2.9\tex\generic\pgf\frontendlayer\tikz\libraries\tikzlibraryshapes.
multipart.code.tex"
File: tikzlibraryshapes.multipart.code.tex 2008/01/09 v3.0.0 (rcs-revision 1.1)


("E:\MiKTeX 2.9\tex\generic\pgf\libraries\shapes\pgflibraryshapes.multipart.cod
e.tex"
File: pgflibraryshapes.multipart.code.tex 2010/01/07 v3.0.0 (rcs-revision 1.2)
\pgfnodepartlowerbox=\box73
\pgfnodeparttwobox=\box74
\pgfnodepartthreebox=\box75
\pgfnodepartfourbox=\box76
\pgfnodeparttwentybox=\box77
\pgfnodepartnineteenbox=\box78
\pgfnodeparteighteenbox=\box79
\pgfnodepartseventeenbox=\box80
\pgfnodepartsixteenbox=\box81
\pgfnodepartfifteenbox=\box82
\pgfnodepartfourteenbox=\box83
\pgfnodepartthirteenbox=\box84
\pgfnodeparttwelvebox=\box85
\pgfnodepartelevenbox=\box86
\pgfnodeparttenbox=\box87
\pgfnodepartninebox=\box88
\pgfnodeparteightbox=\box89
\pgfnodepartsevenbox=\box90
\pgfnodepartsixbox=\box91
\pgfnodepartfivebox=\box92
)))
("E:\MiKTeX 2.9\tex\generic\pgf\frontendlayer\tikz\libraries\tikzlibraryarrows.
code.tex"
File: tikzlibraryarrows.code.tex 2008/01/09 v3.0.0 (rcs-revision 1.1)
 ("E:\MiKTeX 2.9\tex\generic\pgf\libraries\pgflibraryarrows.code.tex"
File: pgflibraryarrows.code.tex 2013/09/23 v3.0.0 (rcs-revision 1.16)
\arrowsize=\dimen181
))
("E:\MiKTeX 2.9\tex\generic\pgf\frontendlayer\tikz\libraries\tikzlibrarypositio
ning.code.tex"
File: tikzlibrarypositioning.code.tex 2008/10/06 v3.0.0 (rcs-revision 1.7)
)
("E:\MiKTeX 2.9\tex\generic\pgf\frontendlayer\tikz\libraries\tikzlibrarychains.
code.tex"
File: tikzlibrarychains.code.tex 2013/07/15 v3.0.0 (rcs-revision 1.6)
) (mydefs.tex
\myi=\count159
) (A_thesis.aux (front.aux) (introduction.aux)
(relatedresearch.aux) (researchproblems.aux) (laserguidancesystem.aux)
(prototypedesign.aux) (experimentresult.aux) (futureimprovement.aux)
(conclusion.aux) (bibliography.aux))
LaTeX Font Info:    Checking defaults for OML/cmm/m/it on input line 53.
LaTeX Font Info:    ... okay on input line 53.
LaTeX Font Info:    Checking defaults for T1/cmr/m/n on input line 53.
LaTeX Font Info:    ... okay on input line 53.
LaTeX Font Info:    Checking defaults for OT1/cmr/m/n on input line 53.
LaTeX Font Info:    ... okay on input line 53.
LaTeX Font Info:    Checking defaults for OMS/cmsy/m/n on input line 53.
LaTeX Font Info:    ... okay on input line 53.
LaTeX Font Info:    Checking defaults for OMX/cmex/m/n on input line 53.
LaTeX Font Info:    ... okay on input line 53.
LaTeX Font Info:    Checking defaults for U/cmr/m/n on input line 53.
LaTeX Font Info:    ... okay on input line 53.

("E:\MiKTeX 2.9\tex\context\base\supp-pdf.mkii"
[Loading MPS to PDF converter (version 2006.09.02).]
\scratchcounter=\count160
\scratchdimen=\dimen182
\scratchbox=\box93
\nofMPsegments=\count161
\nofMParguments=\count162
\everyMPshowfont=\toks38
\MPscratchCnt=\count163
\MPscratchDim=\dimen183
\MPnumerator=\count164
\makeMPintoPDFobject=\count165
\everyMPtoPDFconversion=\toks39
)
*geometry* driver: auto-detecting
*geometry* detected driver: pdftex
*geometry* verbose mode - [ preamble ] result:
* driver: pdftex
* paper: letterpaper
* layout: <same size as paper>
* layoutoffset:(h,v)=(0.0pt,0.0pt)
* modes: twoside 
* h-part:(L,W,R)=(92.14519pt, 430.00462pt, 92.14519pt)
* v-part:(T,H,B)=(95.39737pt, 556.47656pt, 143.09605pt)
* \paperwidth=614.295pt
* \paperheight=794.96999pt
* \textwidth=433.62pt
* \textheight=632.36249pt
* \oddsidemargin=36.135pt
* \evensidemargin=36.135pt
* \topmargin=-32.61171pt
* \headheight=7.96431pt
* \headsep=23.65382pt
* \topskip=12.0pt
* \footskip=30.0pt
* \marginparwidth=95.0pt
* \marginparsep=10.0pt
* \columnsep=10.0pt
* \skip\footins=10.8pt plus 4.0pt minus 2.0pt
* \hoffset=0.0pt
* \voffset=0.0pt
* \mag=1000
* \@twocolumnfalse
* \@twosidetrue
* \@mparswitchtrue
* \@reversemarginfalse
* (1in=72.27pt=25.4mm, 1cm=28.453pt)

("E:\MiKTeX 2.9\tex\latex\notoccite\notoccite.sty"
Package: notoccite 2000/07/20
)
ABD: EveryShipout initializing macros [1

{C:/ProgramData/MiKTeX/2.9/pdftex/config/pdftex.map}] (front.tex [2


] [3

] (A_thesis.toc [4

] [5])
\tf@toc=\write5
 [6] (A_thesis.lot

LaTeX Warning: Citation `PriceR' on page vii undefined on input line 7.

)
\tf@lot=\write6
 [7

] (A_thesis.lof)
\tf@lof=\write7
 [8

]
Underfull \hbox (badness 10000) in alignment at lines 90--93
 [] []
 []

[9

]
Underfull \hbox (badness 10000) in alignment at lines 97--101
 [] []
 []

[10

]) [11

] (introduction.tex
Chapter 1.
Missing character: There is no â in font cmr12!
Missing character: There is no € in font cmr12!
Missing character: There is no ” in font cmr12!
Missing character: There is no â in font cmr12!
Missing character: There is no € in font cmr12!
Missing character: There is no ” in font cmr12!
Missing character: There is no â in font cmr12!
Missing character: There is no € in font cmr12!
Missing character: There is no ” in font cmr12!
Missing character: There is no â in font cmr12!
Missing character: There is no € in font cmr12!
Missing character: There is no ” in font cmr12!

LaTeX Warning: Citation `olmi2011traffic' on page 1 undefined on input line 16.



LaTeX Warning: Citation `KESH' on page 1 undefined on input line 16.


LaTeX Warning: Citation `KESH' on page 1 undefined on input line 21.

LaTeX Font Info:    Try loading font information for OMS+cmr on input line 24.
("E:\MiKTeX 2.9\tex\latex\base\omscmr.fd"
File: omscmr.fd 2014/09/29 v2.5h Standard LaTeX font definitions
)
LaTeX Font Info:    Font shape `OMS/cmr/m/n' in size <12> not available
(Font)              Font shape `OMS/cmsy/m/n' tried instead on input line 24.
 [1



] [2]
<pics/GPStractor.jpg, id=50, 376.40625pt x 235.63031pt>
File: pics/GPStractor.jpg Graphic file (type jpg)

<use pics/GPStractor.jpg>
Package pdftex.def Info: pics/GPStractor.jpg used on input line 73.
(pdftex.def)             Requested size: 376.40532pt x 235.62973pt.


LaTeX Warning: Citation `o2011changing' on page 3 undefined on input line 82.

<pics/laborandoutput.jpg, id=51, 597.73312pt x 387.69844pt>
File: pics/laborandoutput.jpg Graphic file (type jpg)

<use pics/laborandoutput.jpg>
Package pdftex.def Info: pics/laborandoutput.jpg used on input line 86.
(pdftex.def)             Requested size: 418.41032pt x 271.38704pt.
 [3]

LaTeX Warning: Citation `mcbratney2005future' on page 4 undefined on input line
 91.


LaTeX Warning: Citation `thuilot2002automatic' on page 4 undefined on input lin
e 91.


LaTeX Warning: Citation `fawcett2014farm' on page 4 undefined on input line 91.


[4 <./pics/GPStractor.jpg>]

LaTeX Warning: Citation `Exports' on page 5 undefined on input line 95.

<pics/cropexport.png, id=58, 1027.9203pt x 823.1553pt>
File: pics/cropexport.png Graphic file (type png)

<use pics/cropexport.png>
Package pdftex.def Info: pics/cropexport.png used on input line 99.
(pdftex.def)             Requested size: 411.16084pt x 329.25629pt.
 [5 <./pics/laborandoutput.jpg>]

LaTeX Warning: Citation `margat1999water' on page 6 undefined on input line 104
.

<pics/drip.jpg, id=62, 1629.08624pt x 1084.05pt>
File: pics/drip.jpg Graphic file (type jpg)
 <use pics/drip.jpg>
Package pdftex.def Info: pics/drip.jpg used on input line 107.
(pdftex.def)             Requested size: 325.81148pt x 216.80615pt.


LaTeX Warning: Citation `phene1986advantages' on page 6 undefined on input line
 111.


LaTeX Warning: Citation `camp1998subsurface' on page 6 undefined on input line 
111.

[6 <./pics/cropexport.png (PNG copy)>] [7 <./pics/drip.jpg>]

LaTeX Warning: Citation `tao2012' on page 8 undefined on input line 115.

<pics/tperhm.jpg, id=70, 872.50969pt x 406.51875pt>
File: pics/tperhm.jpg Graphic file (type jpg)
 <use pics/tperhm.jpg>
Package pdftex.def Info: pics/tperhm.jpg used on input line 119.
(pdftex.def)             Requested size: 348.9977pt x 162.60461pt.

<pics/10k.jpg, id=71, 847.66687pt x 416.30531pt>
File: pics/10k.jpg Graphic file (type jpg)
 <use pics/10k.jpg>
Package pdftex.def Info: pics/10k.jpg used on input line 125.
(pdftex.def)             Requested size: 339.06073pt x 166.51917pt.

<pics/capitahm2.jpg, id=72, 822.82407pt x 406.51875pt>
File: pics/capitahm2.jpg Graphic file (type jpg)

<use pics/capitahm2.jpg>
Package pdftex.def Info: pics/capitahm2.jpg used on input line 131.
(pdftex.def)             Requested size: 329.1238pt x 162.60461pt.


LaTeX Warning: Citation `income2012' on page 8 undefined on input line 134.

[8 <./pics/tperhm.jpg>]

LaTeX Warning: Citation `tractorcost' on page 9 undefined on input line 136.


LaTeX Warning: Citation `PriceR' on page 9 undefined on input line 136.

[9 <./pics/10k.jpg> <./pics/capitahm2.jpg>]) [10] (relatedresearch.tex
Chapter 2.
Missing character: There is no â in font cmti12!
Missing character: There is no ‰ in font cmti12!
Missing character: There is no ˆ in font cmti12!

LaTeX Warning: Citation `schipperijn2014dynamic' on page 11 undefined on input 
line 6.

Missing character: There is no â in font cmr12!
Missing character: There is no € in font cmr12!
Missing character: There is no ˜ in font cmr12!
Missing character: There is no â in font cmr12!
Missing character: There is no € in font cmr12!
Missing character: There is no ™ in font cmr12!

LaTeX Warning: Citation `lambiel2004contribution' on page 11 undefined on input
 line 11.

<pics/RTGPS.jpg, id=83, 261.22594pt x 173.89969pt>
File: pics/RTGPS.jpg Graphic file (type jpg)
 <use pics/RTGPS.jpg>
Package pdftex.def Info: pics/RTGPS.jpg used on input line 14.
(pdftex.def)             Requested size: 287.3494pt x 191.29022pt.


LaTeX Warning: Citation `thuilot2002automatic' on page 11 undefined on input li
ne 18.

[11



]

LaTeX Warning: Citation `english2014vision' on page 12 undefined on input line 
23.

<pics/parallel.jpg, id=88, 651.18282pt x 664.73344pt>
File: pics/parallel.jpg Graphic file (type jpg)
 <use pics/parallel.jpg>
Package pdftex.def Info: pics/parallel.jpg used on input line 27.
(pdftex.def)             Requested size: 325.5906pt x 332.3659pt.

[12 <./pics/RTGPS.jpg>] [13 <./pics/parallel.jpg>]
<pics/slidingcorrection.png, id=95, 304.88907pt x 319.94531pt>
File: pics/slidingcorrection.png Graphic file (type png)

<use pics/slidingcorrection.png>
Package pdftex.def Info: pics/slidingcorrection.png used on input line 44.
(pdftex.def)             Requested size: 152.44415pt x 159.97226pt.


LaTeX Warning: Citation `lenain2006high' on page 14 undefined on input line 48.


<pics/slidingresult.jpg, id=97, 693.34032pt x 255.20343pt>
File: pics/slidingresult.jpg Graphic file (type jpg)

<use pics/slidingresult.jpg>
Package pdftex.def Info: pics/slidingresult.jpg used on input line 52.
(pdftex.def)             Requested size: 346.66931pt x 127.6014pt.
) [14 <./pics/slidingcorrection.png>] [15 <./pics/slidingresult.jpg>] (research
problems.tex
Chapter 3.

LaTeX Warning: Citation `GDP2015' on page 16 undefined on input line 2.


LaTeX Warning: Citation `PriceR' on page 16 undefined on input line 5.

) [16



] [17] (laserguidancesystem.tex
Chapter 4.
<pics/tractor.jpg, id=112, 596.04124pt x 447.03093pt>
File: pics/tractor.jpg Graphic file (type jpg)
 <use pics/tractor.jpg>
Package pdftex.def Info: pics/tractor.jpg used on input line 7.
(pdftex.def)             Requested size: 357.6275pt x 268.22063pt.

<pics/1D.jpg, id=113, 596.2275pt x 539.01375pt>
File: pics/1D.jpg Graphic file (type jpg)
 <use pics/1D.jpg>
Package pdftex.def Info: pics/1D.jpg used on input line 25.
(pdftex.def)             Requested size: 357.73926pt x 323.41074pt.

<pics/attachmentwithbuffer.png, id=114, 554.82281pt x 374.14781pt>
File: pics/attachmentwithbuffer.png Graphic file (type png)

<use pics/attachmentwithbuffer.png>
Package pdftex.def Info: pics/attachmentwithbuffer.png used on input line 32.
(pdftex.def)             Requested size: 443.85886pt x 299.31863pt.

Overfull \hbox (10.23886pt too wide) in paragraph at lines 32--33
 [] 
 []

[18



] <pics/imaging.jpg, id=118, 635.37375pt x 581.17125pt>
File: pics/imaging.jpg Graphic file (type jpg)

<use pics/imaging.jpg>
Package pdftex.def Info: pics/imaging.jpg used on input line 42.
(pdftex.def)             Requested size: 444.75859pt x 406.8171pt.

Overfull \hbox (11.1386pt too wide) in paragraph at lines 42--43
 [] 
 []

[19 <./pics/tractor.jpg>] [20 <./pics/1D.jpg>]

LaTeX Warning: Citation `kaur2013content' on page 21 undefined on input line 53
.

<pics/HSV.png, id=126, 1606.0pt x 1204.5pt>
File: pics/HSV.png Graphic file (type png)
 <use pics/HSV.png>
Package pdftex.def Info: pics/HSV.png used on input line 56.
(pdftex.def)             Requested size: 321.19432pt x 240.89574pt.
 [21 <./pics/attachmentwithbuffer.png>] [22 <./pics/imaging.jpg>] [23 <./pics/H
SV.png>])
[24] [25] (prototypedesign.tex
Chapter 5.
<pics/prototype.png, id=145, 633.86812pt x 311.66437pt>
File: pics/prototype.png Graphic file (type png)

<use pics/prototype.png>
Package pdftex.def Info: pics/prototype.png used on input line 11.
(pdftex.def)             Requested size: 380.3238pt x 187.00006pt.

Overfull \hbox (0.89127pt too wide) in paragraph at lines 23--23
[]\OT1/cmr/m/n/12 Logitech| 
 []


Underfull \hbox (badness 10000) in paragraph at lines 25--25
[]\OT1/cmr/m/n/12 ECOSS
 []


Underfull \hbox (badness 3364) in paragraph at lines 27--27
[]\OT1/cmr/m/n/12 L298N Mo-tor Drive
 []


Overfull \hbox (1.05237pt too wide) in paragraph at lines 29--29
[]\OT1/cmr/m/n/12 CanaKit| 
 []


Underfull \hbox (badness 10000) in paragraph at lines 31--31
[]\OT1/cmr/m/n/12 ECOSS
 []


Overfull \hbox (4.15512pt too wide) in paragraph at lines 33--33
[]\OT1/cmr/m/n/12 Phantom
 []


Overfull \hbox (3.74818pt too wide) in paragraph at lines 41--41
[]\OT1/cmr/m/n/12 Goodwill| 
 []

[26



 <./pics/prototype.png>]
<pics/laserrange.jpg, id=150, 865.2325pt x 380.42125pt>
File: pics/laserrange.jpg Graphic file (type jpg)

<use pics/laserrange.jpg>
Package pdftex.def Info: pics/laserrange.jpg used on input line 59.
(pdftex.def)             Requested size: 432.61519pt x 190.21014pt.
 [27] [28 <./pics/laserrange.jpg>]
<pics/connection.jpg, id=157, 963.6pt x 722.7pt>
File: pics/connection.jpg Graphic file (type jpg)
 <use pics/connection.jpg>
Package pdftex.def Info: pics/connection.jpg used on input line 71.
(pdftex.def)             Requested size: 385.43317pt x 289.07487pt.

[29 <./pics/connection.jpg>] [30] [31]) [32] [33] [34] (experimentresult.tex
Chapter 6.
<pics/dataday.jpg, id=177, 569.87906pt x 312.41719pt>
File: pics/dataday.jpg Graphic file (type jpg)
 <use pics/dataday.jpg>
Package pdftex.def Info: pics/dataday.jpg used on input line 21.
(pdftex.def)             Requested size: 341.93007pt x 187.45175pt.

[35



 <./pics/dataday.jpg>]
<pics/datanight.jpg, id=181, 587.94656pt x 321.45094pt>
File: pics/datanight.jpg Graphic file (type jpg)

<use pics/datanight.jpg>
Package pdftex.def Info: pics/datanight.jpg used on input line 31.
(pdftex.def)             Requested size: 352.77066pt x 192.87204pt.
 [36 <./pics/datanight.jpg>] [37]) [38]
(futureimprovement.tex
Chapter 7.
<pics/improvedbuffer.png, id=192, 476.53032pt x 331.2375pt>
File: pics/improvedbuffer.png Graphic file (type png)

<use pics/improvedbuffer.png>
Package pdftex.def Info: pics/improvedbuffer.png used on input line 8.
(pdftex.def)             Requested size: 381.22478pt x 264.99034pt.

<pics/improvedcurtain.png, id=193, 441.14813pt x 398.23781pt>
File: pics/improvedcurtain.png Graphic file (type png)

<use pics/improvedcurtain.png>
Package pdftex.def Info: pics/improvedcurtain.png used on input line 17.
(pdftex.def)             Requested size: 352.91898pt x 318.59067pt.
 <pics/segment.png, id=194, 481.8pt x 361.35pt>
File: pics/segment.png Graphic file (type png)

<use pics/segment.png>
Package pdftex.def Info: pics/segment.png used on input line 27.
(pdftex.def)             Requested size: 289.08221pt x 216.81168pt.
 [39



] [40 <./pics/improvedbuffer.png>] [41 <./pics/improvedcurtain.png>]) [42 <./pi
cs/segment.png>] (conclusion.tex
Chapter 8.
[43



] [44] [45] [46]) [47] [48] (bibliography.tex
No file A_thesis.bbl.
) (A_thesis.aux (front.aux) (introduction.aux) (relatedresearch.aux)
(researchproblems.aux) (laserguidancesystem.aux) (prototypedesign.aux)
(experimentresult.aux) (futureimprovement.aux) (conclusion.aux)
(bibliography.aux))

LaTeX Warning: There were undefined references.

 ) 
Here is how much of TeX's memory you used:
 15997 strings out of 493698
 327137 string characters out of 3150044
 410237 words of memory out of 3000000
 18911 multiletter control sequences out of 15000+200000
 8309 words of font info for 30 fonts, out of 3000000 for 9000
 1025 hyphenation exceptions out of 8191
 55i,10n,67p,1480b,718s stack positions out of 5000i,500n,10000p,200000b,50000s
<E:/MiKTeX 2.9/fonts/type1/public/amsfonts/cm/cmbx12.pfb><E:/MiKTeX 2.9/fonts
/type1/public/amsfonts/cm/cmex10.pfb><E:/MiKTeX 2.9/fonts/type1/public/amsfonts
/cm/cmmi12.pfb><E:/MiKTeX 2.9/fonts/type1/public/amsfonts/cm/cmmi8.pfb><E:/MiKT
eX 2.9/fonts/type1/public/amsfonts/cm/cmr12.pfb><E:/MiKTeX 2.9/fonts/type1/publ
ic/amsfonts/cm/cmr8.pfb><E:/MiKTeX 2.9/fonts/type1/public/amsfonts/cm/cmsy10.pf
b><E:/MiKTeX 2.9/fonts/type1/public/amsfonts/cm/cmsy8.pfb><E:/MiKTeX 2.9/fonts/
type1/public/amsfonts/cm/cmti12.pfb>
Output written on A_thesis.pdf (59 pages, 3738017 bytes).
PDF statistics:
 260 PDF objects out of 1000 (max. 8388607)
 0 named destinations out of 1000 (max. 500000)
 133 words of extra memory for PDF output out of 10000 (max. 10000000)

