This is pdfTeX, Version 3.14159265-2.6-1.40.15 (MiKTeX 2.9 64-bit) (preloaded format=pdflatex 2015.10.14)  7 MAR 2017 20:01
entering extended mode
**Thesis.tex
(Thesis.tex
LaTeX2e <2014/05/01>
Babel <3.9l> and hyphenation patterns for 68 languages loaded.
("E:\MiKTeX 2.9\tex\latex\base\book.cls"
Document Class: book 2014/09/29 v1.4h Standard LaTeX document class
("E:\MiKTeX 2.9\tex\latex\base\bk12.clo"
File: bk12.clo 2014/09/29 v1.4h Standard LaTeX file (size option)
)
\c@part=\count79
\c@chapter=\count80
\c@section=\count81
\c@subsection=\count82
\c@subsubsection=\count83
\c@paragraph=\count84
\c@subparagraph=\count85
\c@figure=\count86
\c@table=\count87
\abovecaptionskip=\skip41
\belowcaptionskip=\skip42
\bibindent=\dimen102
)
("E:\MiKTeX 2.9\tex\latex\graphics\graphicx.sty"
Package: graphicx 2014/10/28 v1.0g Enhanced LaTeX Graphics (DPC,SPQR)

("E:\MiKTeX 2.9\tex\latex\graphics\keyval.sty"
Package: keyval 2014/10/28 v1.15 key=value parser (DPC)
\KV@toks@=\toks14
)
("E:\MiKTeX 2.9\tex\latex\graphics\graphics.sty"
Package: graphics 2014/10/28 v1.0p Standard LaTeX Graphics (DPC,SPQR)

("E:\MiKTeX 2.9\tex\latex\graphics\trig.sty"
Package: trig 1999/03/16 v1.09 sin cos tan (DPC)
)
("E:\MiKTeX 2.9\tex\latex\00miktex\graphics.cfg"
File: graphics.cfg 2007/01/18 v1.5 graphics configuration of teTeX/TeXLive
)
Package graphics Info: Driver file: pdftex.def on input line 91.

("E:\MiKTeX 2.9\tex\latex\pdftex-def\pdftex.def"
File: pdftex.def 2011/05/27 v0.06d Graphics/color for pdfTeX

("E:\MiKTeX 2.9\tex\generic\oberdiek\infwarerr.sty"
Package: infwarerr 2010/04/08 v1.3 Providing info/warning/error messages (HO)
)
("E:\MiKTeX 2.9\tex\generic\oberdiek\ltxcmds.sty"
Package: ltxcmds 2011/11/09 v1.22 LaTeX kernel commands for general use (HO)
)
\Gread@gobject=\count88
))
\Gin@req@height=\dimen103
\Gin@req@width=\dimen104
)
("E:\MiKTeX 2.9\tex\latex\geometry\geometry.sty"
Package: geometry 2010/09/12 v5.6 Page Geometry

("E:\MiKTeX 2.9\tex\generic\oberdiek\ifpdf.sty"
Package: ifpdf 2011/01/30 v2.3 Provides the ifpdf switch (HO)
Package ifpdf Info: pdfTeX in PDF mode is detected.
)
("E:\MiKTeX 2.9\tex\generic\oberdiek\ifvtex.sty"
Package: ifvtex 2010/03/01 v1.5 Detect VTeX and its facilities (HO)
Package ifvtex Info: VTeX not detected.
)
("E:\MiKTeX 2.9\tex\generic\ifxetex\ifxetex.sty"
Package: ifxetex 2010/09/12 v0.6 Provides ifxetex conditional
)
\Gm@cnth=\count89
\Gm@cntv=\count90
\c@Gm@tempcnt=\count91
\Gm@bindingoffset=\dimen105
\Gm@wd@mp=\dimen106
\Gm@odd@mp=\dimen107
\Gm@even@mp=\dimen108
\Gm@layoutwidth=\dimen109
\Gm@layoutheight=\dimen110
\Gm@layouthoffset=\dimen111
\Gm@layoutvoffset=\dimen112
\Gm@dimlist=\toks15

("E:\MiKTeX 2.9\tex\latex\geometry\geometry.cfg"))
("E:\MiKTeX 2.9\tex\latex\changepage\changepage.sty"
Package: changepage 2009/10/20 v1.0c check page and change page layout
\c@cp@cntr=\count92
\cp@tempcnt=\count93
)
("E:\MiKTeX 2.9\tex\latex\pgf\frontendlayer\tikz.sty"
("E:\MiKTeX 2.9\tex\latex\pgf\basiclayer\pgf.sty"
("E:\MiKTeX 2.9\tex\latex\pgf\utilities\pgfrcs.sty"
("E:\MiKTeX 2.9\tex\generic\pgf\utilities\pgfutil-common.tex"
\pgfutil@everybye=\toks16
\pgfutil@tempdima=\dimen113
\pgfutil@tempdimb=\dimen114

("E:\MiKTeX 2.9\tex\generic\pgf\utilities\pgfutil-common-lists.tex"))
("E:\MiKTeX 2.9\tex\generic\pgf\utilities\pgfutil-latex.def"
\pgfutil@abb=\box26

("E:\MiKTeX 2.9\tex\latex\ms\everyshi.sty"
Package: everyshi 2001/05/15 v3.00 EveryShipout Package (MS)
))
("E:\MiKTeX 2.9\tex\generic\pgf\utilities\pgfrcs.code.tex"
Package: pgfrcs 2013/12/20 v3.0.0 (rcs-revision 1.28)
))
Package: pgf 2013/12/18 v3.0.0 (rcs-revision 1.14)

("E:\MiKTeX 2.9\tex\latex\pgf\basiclayer\pgfcore.sty"
("E:\MiKTeX 2.9\tex\latex\pgf\systemlayer\pgfsys.sty"
("E:\MiKTeX 2.9\tex\generic\pgf\systemlayer\pgfsys.code.tex"
Package: pgfsys 2013/11/30 v3.0.0 (rcs-revision 1.47)

("E:\MiKTeX 2.9\tex\generic\pgf\utilities\pgfkeys.code.tex"
\pgfkeys@pathtoks=\toks17
\pgfkeys@temptoks=\toks18

("E:\MiKTeX 2.9\tex\generic\pgf\utilities\pgfkeysfiltered.code.tex"
\pgfkeys@tmptoks=\toks19
))
\pgf@x=\dimen115
\pgf@y=\dimen116
\pgf@xa=\dimen117
\pgf@ya=\dimen118
\pgf@xb=\dimen119
\pgf@yb=\dimen120
\pgf@xc=\dimen121
\pgf@yc=\dimen122
\w@pgf@writea=\write3
\r@pgf@reada=\read1
\c@pgf@counta=\count94
\c@pgf@countb=\count95
\c@pgf@countc=\count96
\c@pgf@countd=\count97
\t@pgf@toka=\toks20
\t@pgf@tokb=\toks21
\t@pgf@tokc=\toks22

("E:\MiKTeX 2.9\tex\generic\pgf\systemlayer\pgf.cfg"
File: pgf.cfg 2008/05/14  (rcs-revision 1.7)
)
Driver file for pgf: pgfsys-pdftex.def

("E:\MiKTeX 2.9\tex\generic\pgf\systemlayer\pgfsys-pdftex.def"
File: pgfsys-pdftex.def 2013/07/18  (rcs-revision 1.33)

("E:\MiKTeX 2.9\tex\generic\pgf\systemlayer\pgfsys-common-pdf.def"
File: pgfsys-common-pdf.def 2013/10/10  (rcs-revision 1.13)
)))
("E:\MiKTeX 2.9\tex\generic\pgf\systemlayer\pgfsyssoftpath.code.tex"
File: pgfsyssoftpath.code.tex 2013/09/09  (rcs-revision 1.9)
\pgfsyssoftpath@smallbuffer@items=\count98
\pgfsyssoftpath@bigbuffer@items=\count99
)
("E:\MiKTeX 2.9\tex\generic\pgf\systemlayer\pgfsysprotocol.code.tex"
File: pgfsysprotocol.code.tex 2006/10/16  (rcs-revision 1.4)
))
("E:\MiKTeX 2.9\tex\latex\xcolor\xcolor.sty"
Package: xcolor 2007/01/21 v2.11 LaTeX color extensions (UK)

("E:\MiKTeX 2.9\tex\latex\00miktex\color.cfg"
File: color.cfg 2007/01/18 v1.5 color configuration of teTeX/TeXLive
)
Package xcolor Info: Driver file: pdftex.def on input line 225.
Package xcolor Info: Model `cmy' substituted by `cmy0' on input line 1337.
Package xcolor Info: Model `hsb' substituted by `rgb' on input line 1341.
Package xcolor Info: Model `RGB' extended on input line 1353.
Package xcolor Info: Model `HTML' substituted by `rgb' on input line 1355.
Package xcolor Info: Model `Hsb' substituted by `hsb' on input line 1356.
Package xcolor Info: Model `tHsb' substituted by `hsb' on input line 1357.
Package xcolor Info: Model `HSB' substituted by `hsb' on input line 1358.
Package xcolor Info: Model `Gray' substituted by `gray' on input line 1359.
Package xcolor Info: Model `wave' substituted by `hsb' on input line 1360.
)
("E:\MiKTeX 2.9\tex\generic\pgf\basiclayer\pgfcore.code.tex"
Package: pgfcore 2010/04/11 v3.0.0 (rcs-revision 1.7)

("E:\MiKTeX 2.9\tex\generic\pgf\math\pgfmath.code.tex"
("E:\MiKTeX 2.9\tex\generic\pgf\math\pgfmathcalc.code.tex"
("E:\MiKTeX 2.9\tex\generic\pgf\math\pgfmathutil.code.tex")
("E:\MiKTeX 2.9\tex\generic\pgf\math\pgfmathparser.code.tex"
\pgfmath@dimen=\dimen123
\pgfmath@count=\count100
\pgfmath@box=\box27
\pgfmath@toks=\toks23
\pgfmath@stack@operand=\toks24
\pgfmath@stack@operation=\toks25
)
("E:\MiKTeX 2.9\tex\generic\pgf\math\pgfmathfunctions.code.tex"
("E:\MiKTeX 2.9\tex\generic\pgf\math\pgfmathfunctions.basic.code.tex")
("E:\MiKTeX 2.9\tex\generic\pgf\math\pgfmathfunctions.trigonometric.code.tex")
("E:\MiKTeX 2.9\tex\generic\pgf\math\pgfmathfunctions.random.code.tex")
("E:\MiKTeX 2.9\tex\generic\pgf\math\pgfmathfunctions.comparison.code.tex")
("E:\MiKTeX 2.9\tex\generic\pgf\math\pgfmathfunctions.base.code.tex")
("E:\MiKTeX 2.9\tex\generic\pgf\math\pgfmathfunctions.round.code.tex")
("E:\MiKTeX 2.9\tex\generic\pgf\math\pgfmathfunctions.misc.code.tex")
("E:\MiKTeX 2.9\tex\generic\pgf\math\pgfmathfunctions.integerarithmetics.code.t
ex"))) ("E:\MiKTeX 2.9\tex\generic\pgf\math\pgfmathfloat.code.tex"
\c@pgfmathroundto@lastzeros=\count101
))
("E:\MiKTeX 2.9\tex\generic\pgf\basiclayer\pgfcorepoints.code.tex"
File: pgfcorepoints.code.tex 2013/10/07  (rcs-revision 1.27)
\pgf@picminx=\dimen124
\pgf@picmaxx=\dimen125
\pgf@picminy=\dimen126
\pgf@picmaxy=\dimen127
\pgf@pathminx=\dimen128
\pgf@pathmaxx=\dimen129
\pgf@pathminy=\dimen130
\pgf@pathmaxy=\dimen131
\pgf@xx=\dimen132
\pgf@xy=\dimen133
\pgf@yx=\dimen134
\pgf@yy=\dimen135
\pgf@zx=\dimen136
\pgf@zy=\dimen137
)
("E:\MiKTeX 2.9\tex\generic\pgf\basiclayer\pgfcorepathconstruct.code.tex"
File: pgfcorepathconstruct.code.tex 2013/10/07  (rcs-revision 1.29)
\pgf@path@lastx=\dimen138
\pgf@path@lasty=\dimen139
)
("E:\MiKTeX 2.9\tex\generic\pgf\basiclayer\pgfcorepathusage.code.tex"
File: pgfcorepathusage.code.tex 2013/12/13  (rcs-revision 1.23)
\pgf@shorten@end@additional=\dimen140
\pgf@shorten@start@additional=\dimen141
)
("E:\MiKTeX 2.9\tex\generic\pgf\basiclayer\pgfcorescopes.code.tex"
File: pgfcorescopes.code.tex 2013/10/09  (rcs-revision 1.44)
\pgfpic=\box28
\pgf@hbox=\box29
\pgf@layerbox@main=\box30
\pgf@picture@serial@count=\count102
)
("E:\MiKTeX 2.9\tex\generic\pgf\basiclayer\pgfcoregraphicstate.code.tex"
File: pgfcoregraphicstate.code.tex 2013/09/19  (rcs-revision 1.11)
\pgflinewidth=\dimen142
)
("E:\MiKTeX 2.9\tex\generic\pgf\basiclayer\pgfcoretransformations.code.tex"
File: pgfcoretransformations.code.tex 2013/10/10  (rcs-revision 1.17)
\pgf@pt@x=\dimen143
\pgf@pt@y=\dimen144
\pgf@pt@temp=\dimen145
)
("E:\MiKTeX 2.9\tex\generic\pgf\basiclayer\pgfcorequick.code.tex"
File: pgfcorequick.code.tex 2008/10/09  (rcs-revision 1.3)
)
("E:\MiKTeX 2.9\tex\generic\pgf\basiclayer\pgfcoreobjects.code.tex"
File: pgfcoreobjects.code.tex 2006/10/11  (rcs-revision 1.2)
)
("E:\MiKTeX 2.9\tex\generic\pgf\basiclayer\pgfcorepathprocessing.code.tex"
File: pgfcorepathprocessing.code.tex 2013/09/09  (rcs-revision 1.9)
)
("E:\MiKTeX 2.9\tex\generic\pgf\basiclayer\pgfcorearrows.code.tex"
File: pgfcorearrows.code.tex 2013/11/07  (rcs-revision 1.40)
\pgfarrowsep=\dimen146
)
("E:\MiKTeX 2.9\tex\generic\pgf\basiclayer\pgfcoreshade.code.tex"
File: pgfcoreshade.code.tex 2013/07/15  (rcs-revision 1.15)
\pgf@max=\dimen147
\pgf@sys@shading@range@num=\count103
)
("E:\MiKTeX 2.9\tex\generic\pgf\basiclayer\pgfcoreimage.code.tex"
File: pgfcoreimage.code.tex 2013/07/15  (rcs-revision 1.18)

("E:\MiKTeX 2.9\tex\generic\pgf\basiclayer\pgfcoreexternal.code.tex"
File: pgfcoreexternal.code.tex 2013/07/15  (rcs-revision 1.20)
\pgfexternal@startupbox=\box31
))
("E:\MiKTeX 2.9\tex\generic\pgf\basiclayer\pgfcorelayers.code.tex"
File: pgfcorelayers.code.tex 2013/07/18  (rcs-revision 1.7)
)
("E:\MiKTeX 2.9\tex\generic\pgf\basiclayer\pgfcoretransparency.code.tex"
File: pgfcoretransparency.code.tex 2013/09/30  (rcs-revision 1.5)
)
("E:\MiKTeX 2.9\tex\generic\pgf\basiclayer\pgfcorepatterns.code.tex"
File: pgfcorepatterns.code.tex 2013/11/07  (rcs-revision 1.5)
)))
("E:\MiKTeX 2.9\tex\generic\pgf\modules\pgfmoduleshapes.code.tex"
File: pgfmoduleshapes.code.tex 2013/10/31  (rcs-revision 1.34)
\pgfnodeparttextbox=\box32
)
("E:\MiKTeX 2.9\tex\generic\pgf\modules\pgfmoduleplot.code.tex"
File: pgfmoduleplot.code.tex 2013/07/31  (rcs-revision 1.12)
)
("E:\MiKTeX 2.9\tex\latex\pgf\compatibility\pgfcomp-version-0-65.sty"
Package: pgfcomp-version-0-65 2007/07/03 v3.0.0 (rcs-revision 1.7)
\pgf@nodesepstart=\dimen148
\pgf@nodesepend=\dimen149
)
("E:\MiKTeX 2.9\tex\latex\pgf\compatibility\pgfcomp-version-1-18.sty"
Package: pgfcomp-version-1-18 2007/07/23 v3.0.0 (rcs-revision 1.1)
))
("E:\MiKTeX 2.9\tex\latex\pgf\utilities\pgffor.sty"
("E:\MiKTeX 2.9\tex\latex\pgf\utilities\pgfkeys.sty"
("E:\MiKTeX 2.9\tex\generic\pgf\utilities\pgfkeys.code.tex"))
("E:\MiKTeX 2.9\tex\latex\pgf\math\pgfmath.sty"
("E:\MiKTeX 2.9\tex\generic\pgf\math\pgfmath.code.tex"))
("E:\MiKTeX 2.9\tex\generic\pgf\utilities\pgffor.code.tex"
Package: pgffor 2013/12/13 v3.0.0 (rcs-revision 1.25)

("E:\MiKTeX 2.9\tex\generic\pgf\math\pgfmath.code.tex")
\pgffor@iter=\dimen150
\pgffor@skip=\dimen151
\pgffor@stack=\toks26
\pgffor@toks=\toks27
))
("E:\MiKTeX 2.9\tex\generic\pgf\frontendlayer\tikz\tikz.code.tex"
Package: tikz 2013/12/13 v3.0.0 (rcs-revision 1.142)

("E:\MiKTeX 2.9\tex\generic\pgf\libraries\pgflibraryplothandlers.code.tex"
File: pgflibraryplothandlers.code.tex 2013/08/31 v3.0.0 (rcs-revision 1.20)
\pgf@plot@mark@count=\count104
\pgfplotmarksize=\dimen152
)
\tikz@lastx=\dimen153
\tikz@lasty=\dimen154
\tikz@lastxsaved=\dimen155
\tikz@lastysaved=\dimen156
\tikzleveldistance=\dimen157
\tikzsiblingdistance=\dimen158
\tikz@figbox=\box33
\tikz@figbox@bg=\box34
\tikz@tempbox=\box35
\tikz@tempbox@bg=\box36
\tikztreelevel=\count105
\tikznumberofchildren=\count106
\tikznumberofcurrentchild=\count107
\tikz@fig@count=\count108

("E:\MiKTeX 2.9\tex\generic\pgf\modules\pgfmodulematrix.code.tex"
File: pgfmodulematrix.code.tex 2013/09/17  (rcs-revision 1.8)
\pgfmatrixcurrentrow=\count109
\pgfmatrixcurrentcolumn=\count110
\pgf@matrix@numberofcolumns=\count111
)
\tikz@expandcount=\count112

("E:\MiKTeX 2.9\tex\generic\pgf\frontendlayer\tikz\libraries\tikzlibrarytopaths
.code.tex"
File: tikzlibrarytopaths.code.tex 2008/06/17 v3.0.0 (rcs-revision 1.2)
))) ("E:\MiKTeX 2.9\tex\latex\appendix\appendix.sty"
Package: appendix 2009/09/02 v1.2b extra appendix facilities
\c@@pps=\count113
\c@@ppsavesec=\count114
\c@@ppsaveapp=\count115
)
("E:\MiKTeX 2.9\tex\latex\titlesec\titlesec.sty"
Package: titlesec 2011/12/15 v2.10.0 Sectioning titles
\ttl@box=\box37
\beforetitleunit=\skip43
\aftertitleunit=\skip44
\ttl@plus=\dimen159
\ttl@minus=\dimen160
\ttl@toksa=\toks28
\titlewidth=\dimen161
\titlewidthlast=\dimen162
\titlewidthfirst=\dimen163
)
("E:\MiKTeX 2.9\tex\latex\setspace\setspace.sty"
Package: setspace 2011/12/19 v6.7a set line spacing
)
("E:\MiKTeX 2.9\tex\latex\psnfss\times.sty"
Package: times 2005/04/12 PSNFSS-v9.2a (SPQR) 
)
("E:\MiKTeX 2.9\tex\latex\fancyhdr\fancyhdr.sty"
\fancy@headwidth=\skip45
\f@ncyO@elh=\skip46
\f@ncyO@erh=\skip47
\f@ncyO@olh=\skip48
\f@ncyO@orh=\skip49
\f@ncyO@elf=\skip50
\f@ncyO@erf=\skip51
\f@ncyO@olf=\skip52
\f@ncyO@orf=\skip53
)
("E:\MiKTeX 2.9\tex\latex\url\url.sty"
\Urlmuskip=\muskip10
Package: url 2013/09/16  ver 3.4  Verb mode for urls, etc.
)
("E:\MiKTeX 2.9\tex\latex\algorithms\algorithm.sty"
Package: algorithm 2009/08/24 v0.1 Document Style `algorithm' - floating enviro
nment

("E:\MiKTeX 2.9\tex\latex\float\float.sty"
Package: float 2001/11/08 v1.3d Float enhancements (AL)
\c@float@type=\count116
\float@exts=\toks29
\float@box=\box38
\@float@everytoks=\toks30
\@floatcapt=\box39
)
("E:\MiKTeX 2.9\tex\latex\base\ifthen.sty"
Package: ifthen 2014/09/29 v1.1c Standard LaTeX ifthen package (DPC)
)
\@float@every@algorithm=\toks31
\c@algorithm=\count117
)
("E:\MiKTeX 2.9\tex\latex\algorithms\algorithmic.sty"
Package: algorithmic 2009/08/24 v0.1 Document Style `algorithmic'
\c@ALC@unique=\count118
\c@ALC@line=\count119
\c@ALC@rem=\count120
\c@ALC@depth=\count121
\ALC@tlm=\skip54
\algorithmicindent=\skip55
)
("E:\MiKTeX 2.9\tex\generic\pgf\frontendlayer\tikz\libraries\tikzlibrarymatrix.
code.tex"
File: tikzlibrarymatrix.code.tex 2013/07/12 v3.0.0 (rcs-revision 1.4)
)
("E:\MiKTeX 2.9\tex\generic\pgf\frontendlayer\tikz\libraries\tikzlibraryshapes.
code.tex"
File: tikzlibraryshapes.code.tex 2008/01/09 v3.0.0 (rcs-revision 1.1)

("E:\MiKTeX 2.9\tex\generic\pgf\frontendlayer\tikz\libraries\tikzlibraryshapes.
geometric.code.tex"
File: tikzlibraryshapes.geometric.code.tex 2008/01/09 v3.0.0 (rcs-revision 1.1)


("E:\MiKTeX 2.9\tex\generic\pgf\libraries\shapes\pgflibraryshapes.geometric.cod
e.tex"
File: pgflibraryshapes.geometric.code.tex 2008/06/26 v3.0.0 (rcs-revision 1.1)
))
("E:\MiKTeX 2.9\tex\generic\pgf\frontendlayer\tikz\libraries\tikzlibraryshapes.
misc.code.tex"
File: tikzlibraryshapes.misc.code.tex 2008/01/09 v3.0.0 (rcs-revision 1.1)

("E:\MiKTeX 2.9\tex\generic\pgf\libraries\shapes\pgflibraryshapes.misc.code.tex
"
File: pgflibraryshapes.misc.code.tex 2013/07/18 v3.0.0 (rcs-revision 1.5)
))
("E:\MiKTeX 2.9\tex\generic\pgf\frontendlayer\tikz\libraries\tikzlibraryshapes.
symbols.code.tex"
File: tikzlibraryshapes.symbols.code.tex 2008/01/09 v3.0.0 (rcs-revision 1.1)

("E:\MiKTeX 2.9\tex\generic\pgf\libraries\shapes\pgflibraryshapes.symbols.code.
tex"
File: pgflibraryshapes.symbols.code.tex 2013/09/11 v3.0.0 (rcs-revision 1.6)
))
("E:\MiKTeX 2.9\tex\generic\pgf\frontendlayer\tikz\libraries\tikzlibraryshapes.
arrows.code.tex"
File: tikzlibraryshapes.arrows.code.tex 2008/01/09 v3.0.0 (rcs-revision 1.1)

("E:\MiKTeX 2.9\tex\generic\pgf\libraries\shapes\pgflibraryshapes.arrows.code.t
ex"
File: pgflibraryshapes.arrows.code.tex 2008/06/26 v3.0.0 (rcs-revision 1.1)
))
("E:\MiKTeX 2.9\tex\generic\pgf\frontendlayer\tikz\libraries\tikzlibraryshapes.
callouts.code.tex"
("E:\MiKTeX 2.9\tex\generic\pgf\libraries\shapes\pgflibraryshapes.callouts.code
.tex"))
("E:\MiKTeX 2.9\tex\generic\pgf\frontendlayer\tikz\libraries\tikzlibraryshapes.
multipart.code.tex"
File: tikzlibraryshapes.multipart.code.tex 2008/01/09 v3.0.0 (rcs-revision 1.1)


("E:\MiKTeX 2.9\tex\generic\pgf\libraries\shapes\pgflibraryshapes.multipart.cod
e.tex"
File: pgflibraryshapes.multipart.code.tex 2010/01/07 v3.0.0 (rcs-revision 1.2)
\pgfnodepartlowerbox=\box40
\pgfnodeparttwobox=\box41
\pgfnodepartthreebox=\box42
\pgfnodepartfourbox=\box43
\pgfnodeparttwentybox=\box44
\pgfnodepartnineteenbox=\box45
\pgfnodeparteighteenbox=\box46
\pgfnodepartseventeenbox=\box47
\pgfnodepartsixteenbox=\box48
\pgfnodepartfifteenbox=\box49
\pgfnodepartfourteenbox=\box50
\pgfnodepartthirteenbox=\box51
\pgfnodeparttwelvebox=\box52
\pgfnodepartelevenbox=\box53
\pgfnodeparttenbox=\box54
\pgfnodepartninebox=\box55
\pgfnodeparteightbox=\box56
\pgfnodepartsevenbox=\box57
\pgfnodepartsixbox=\box58
\pgfnodepartfivebox=\box59
)))
("E:\MiKTeX 2.9\tex\generic\pgf\frontendlayer\tikz\libraries\tikzlibraryarrows.
code.tex"
File: tikzlibraryarrows.code.tex 2008/01/09 v3.0.0 (rcs-revision 1.1)
 ("E:\MiKTeX 2.9\tex\generic\pgf\libraries\pgflibraryarrows.code.tex"
File: pgflibraryarrows.code.tex 2013/09/23 v3.0.0 (rcs-revision 1.16)
\arrowsize=\dimen164
))
("E:\MiKTeX 2.9\tex\generic\pgf\frontendlayer\tikz\libraries\tikzlibrarypositio
ning.code.tex"
File: tikzlibrarypositioning.code.tex 2008/10/06 v3.0.0 (rcs-revision 1.7)
)
("E:\MiKTeX 2.9\tex\generic\pgf\frontendlayer\tikz\libraries\tikzlibrarychains.
code.tex"
File: tikzlibrarychains.code.tex 2013/07/15 v3.0.0 (rcs-revision 1.6)
) ("E:\MiKTeX 2.9\tex\latex\etoolbox\etoolbox.sty"
Package: etoolbox 2015/03/10 v2.1b e-TeX tools for LaTeX (JAW)

("E:\MiKTeX 2.9\tex\latex\misc\etex.sty"
Package: etex 2015/03/02 v2.1 eTeX basic definition package (PEB,DPC)
\et@xins=\count122
)
\etb@tempcnta=\count123
) (Thesis.aux)
LaTeX Font Info:    Checking defaults for OML/cmm/m/it on input line 37.
LaTeX Font Info:    ... okay on input line 37.
LaTeX Font Info:    Checking defaults for T1/cmr/m/n on input line 37.
LaTeX Font Info:    ... okay on input line 37.
LaTeX Font Info:    Checking defaults for OT1/cmr/m/n on input line 37.
LaTeX Font Info:    ... okay on input line 37.
LaTeX Font Info:    Checking defaults for OMS/cmsy/m/n on input line 37.
LaTeX Font Info:    ... okay on input line 37.
LaTeX Font Info:    Checking defaults for OMX/cmex/m/n on input line 37.
LaTeX Font Info:    ... okay on input line 37.
LaTeX Font Info:    Checking defaults for U/cmr/m/n on input line 37.
LaTeX Font Info:    ... okay on input line 37.
LaTeX Font Info:    Try loading font information for OT1+ptm on input line 37.

("E:\MiKTeX 2.9\tex\latex\psnfss\ot1ptm.fd"
File: ot1ptm.fd 2001/06/04 font definitions for OT1/ptm.
)
("E:\MiKTeX 2.9\tex\context\base\supp-pdf.mkii"
[Loading MPS to PDF converter (version 2006.09.02).]
\scratchcounter=\count124
\scratchdimen=\dimen165
\scratchbox=\box60
\nofMPsegments=\count125
\nofMParguments=\count126
\everyMPshowfont=\toks32
\MPscratchCnt=\count127
\MPscratchDim=\dimen166
\MPnumerator=\count128
\makeMPintoPDFobject=\count129
\everyMPtoPDFconversion=\toks33
)
*geometry* driver: auto-detecting
*geometry* detected driver: pdftex
*geometry* verbose mode - [ preamble ] result:
* driver: pdftex
* paper: letterpaper
* layout: <same size as paper>
* layoutoffset:(h,v)=(0.0pt,0.0pt)
* modes: 
* h-part:(L,W,R)=(108.405pt, 433.62001pt, 72.26999pt)
* v-part:(T,H,B)=(72.26999pt, 650.43001pt, 72.26999pt)
* \paperwidth=614.295pt
* \paperheight=794.96999pt
* \textwidth=433.62001pt
* \textheight=650.43001pt
* \oddsidemargin=36.13501pt
* \evensidemargin=36.13501pt
* \topmargin=-31.8738pt
* \headheight=12.0pt
* \headsep=19.8738pt
* \topskip=12.0pt
* \footskip=30.0pt
* \marginparwidth=47.0pt
* \marginparsep=7.0pt
* \columnsep=10.0pt
* \skip\footins=10.8pt plus 4.0pt minus 2.0pt
* \hoffset=0.0pt
* \voffset=0.0pt
* \mag=1000
* \@twocolumnfalse
* \@twosidefalse
* \@mparswitchfalse
* \@reversemarginfalse
* (1in=72.27pt=25.4mm, 1cm=28.453pt)

ABD: EveryShipout initializing macros
<Purdue_logo.jpg, id=4, 409.79472pt x 399.47044pt>
File: Purdue_logo.jpg Graphic file (type jpg)
 <use Purdue_logo.jpg>
Package pdftex.def Info: Purdue_logo.jpg used on input line 51.
(pdftex.def)             Requested size: 286.85434pt x 279.6274pt.

[1


{C:/ProgramData/MiKTeX/2.9/pdftex/config/pdftex.map} <./Purdue_logo.jpg>]
Underfull \hbox (badness 10000) in paragraph at lines 73--74

 []


Package Fancyhdr Warning: \headheight is too small (12.0pt): 
 Make it at least 14.49998pt.
 We now make it that large for the rest of the document.
 This may cause the page layout to be inconsistent, however.

[2] [3]
LaTeX Font Info:    Font shape `OT1/ptm/bx/n' in size <24.88> not available
(Font)              Font shape `OT1/ptm/b/n' tried instead on input line 103.
 (Thesis.toc
LaTeX Font Info:    Font shape `OT1/ptm/bx/n' in size <12> not available
(Font)              Font shape `OT1/ptm/b/n' tried instead on input line 1.
LaTeX Font Info:    External font `cmex10' loaded for size
(Font)              <12> on input line 5.
LaTeX Font Info:    External font `cmex10' loaded for size
(Font)              <8> on input line 5.
LaTeX Font Info:    External font `cmex10' loaded for size
(Font)              <6> on input line 5.
 [4

] [5])
\tf@toc=\write4
 [6] (Thesis.lof)
\tf@lof=\write5
 [7

] (Thesis.lot)
\tf@lot=\write6
 [8

] [9

]
Chapter 1.
Missing character: There is no â in font ptmr7t!
Missing character: There is no € in font ptmr7t!
Missing character: There is no ” in font ptmr7t!
Missing character: There is no â in font ptmr7t!
Missing character: There is no € in font ptmr7t!
Missing character: There is no ” in font ptmr7t!
LaTeX Font Info:    Font shape `OT1/ptm/bx/n' in size <17.28> not available
(Font)              Font shape `OT1/ptm/b/n' tried instead on input line 124.

Overfull \hbox (2.38501pt too wide) in paragraph at lines 124--124
 |[]\OT1/ptm/b/n/17.28 Introduction to In-door AGVs and Their Guid-ance Sys-
 []

Missing character: There is no â in font ptmr7t!
Missing character: There is no € in font ptmr7t!
Missing character: There is no ” in font ptmr7t!
Missing character: There is no â in font ptmr7t!
Missing character: There is no € in font ptmr7t!
Missing character: There is no ” in font ptmr7t!
LaTeX Font Info:    Try loading font information for OMS+ptm on input line 135.

("E:\MiKTeX 2.9\tex\latex\psnfss\omsptm.fd"
File: omsptm.fd 
)
LaTeX Font Info:    Font shape `OMS/ptm/m/n' in size <12> not available
(Font)              Font shape `OMS/cmsy/m/n' tried instead on input line 135.
 [1


] [2]
<GPStractor.jpg, id=46, 376.40625pt x 235.63031pt>
File: GPStractor.jpg Graphic file (type jpg)
 <use GPStractor.jpg>
Package pdftex.def Info: GPStractor.jpg used on input line 185.
(pdftex.def)             Requested size: 376.40532pt x 235.62973pt.

[3 <./GPStractor.jpg>] <laborandoutput.jpg, id=50, 597.73312pt x 387.69844pt>
File: laborandoutput.jpg Graphic file (type jpg)

<use laborandoutput.jpg>
Package pdftex.def Info: laborandoutput.jpg used on input line 199.
(pdftex.def)             Requested size: 418.41032pt x 271.38704pt.
 [4 <./laborandoutput.jpg>]
<cropexport.png, id=55, 1027.9203pt x 823.1553pt>
File: cropexport.png Graphic file (type png)
 <use cropexport.png>
Package pdftex.def Info: cropexport.png used on input line 213.
(pdftex.def)             Requested size: 411.16084pt x 329.25629pt.
LaTeX Font Info:    Font shape `OT1/ptm/bx/n' in size <14.4> not available
(Font)              Font shape `OT1/ptm/b/n' tried instead on input line 217.

<drip.jpg, id=56, 1629.08624pt x 1084.05pt>
File: drip.jpg Graphic file (type jpg)
 <use drip.jpg>
Package pdftex.def Info: drip.jpg used on input line 221.
(pdftex.def)             Requested size: 325.81148pt x 216.80615pt.
 [5] [6 <./cropexport.png (PNG copy)>] <tperhm.jpg, id=64, 872.50969pt x 406.51
875pt>
File: tperhm.jpg Graphic file (type jpg)

<use tperhm.jpg>
Package pdftex.def Info: tperhm.jpg used on input line 233.
(pdftex.def)             Requested size: 348.9977pt x 162.60461pt.
 <10k.jpg, id=65, 847.66687pt x 416.30531pt>
File: 10k.jpg Graphic file (type jpg)
 <use 10k.jpg>
Package pdftex.def Info: 10k.jpg used on input line 239.
(pdftex.def)             Requested size: 339.06073pt x 166.51917pt.

<capitahm2.jpg, id=66, 822.82407pt x 406.51875pt>
File: capitahm2.jpg Graphic file (type jpg)
 <use capitahm2.jpg>
Package pdftex.def Info: capitahm2.jpg used on input line 245.
(pdftex.def)             Requested size: 329.1238pt x 162.60461pt.
 [7 <./drip.jpg>]

LaTeX Warning: Text page 8 contains only floats.

[8 <./tperhm.jpg> <./10k.jpg> <./capitahm2.jpg>] [9]
Chapter 2.
Missing character: There is no â in font ptmri7t!
Missing character: There is no ‰ in font ptmri7t!
Missing character: There is no ˆ in font ptmri7t!

Overfull \hbox (4.93774pt too wide) in paragraph at lines 257--258
[]\OT1/ptm/m/it/12 almost half (49.6%) of all 68,000 GPS points recorded with t
he Qs-tarz Q1000XT
 []

Missing character: There is no â in font ptmr7t!
Missing character: There is no € in font ptmr7t!
Missing character: There is no ˜ in font ptmr7t!
Missing character: There is no â in font ptmr7t!
Missing character: There is no € in font ptmr7t!
Missing character: There is no ™ in font ptmr7t!
<RTGPS.jpg, id=76, 261.22594pt x 173.89969pt>
File: RTGPS.jpg Graphic file (type jpg)
 <use RTGPS.jpg>
Package pdftex.def Info: RTGPS.jpg used on input line 265.
(pdftex.def)             Requested size: 287.3494pt x 191.29022pt.
 [10

]
<parallel.jpg, id=81, 651.18282pt x 664.73344pt>
File: parallel.jpg Graphic file (type jpg)
 <use parallel.jpg>
Package pdftex.def Info: parallel.jpg used on input line 278.
(pdftex.def)             Requested size: 325.5906pt x 332.3659pt.
 [11 <./RTGPS.jpg>] <slidingcorrection.png, id=85, 304.88907pt x 319.94531pt>
File: slidingcorrection.png Graphic file (type png)

<use slidingcorrection.png>
Package pdftex.def Info: slidingcorrection.png used on input line 295.
(pdftex.def)             Requested size: 152.44415pt x 159.97226pt.

<slidingresult.jpg, id=87, 693.34032pt x 255.20343pt>
File: slidingresult.jpg Graphic file (type jpg)
 <use slidingresult.jpg>
Package pdftex.def Info: slidingresult.jpg used on input line 303.
(pdftex.def)             Requested size: 346.66931pt x 127.6014pt.

[12 <./parallel.jpg>] [13 <./slidingcorrection.png> <./slidingresult.jpg>]
Chapter 3.

Overfull \hbox (11.0258pt too wide) in paragraph at lines 308--308
 |[]\OT1/ptm/b/n/24.88 RESEARCH PROB-LEMS| 
 []

[14

] [15]
Chapter 4.

Overfull \hbox (10.07889pt too wide) in paragraph at lines 338--338
 |[]\OT1/ptm/b/n/24.88 LASER GUID-ANCE SYS-
 []

<tractor.jpg, id=101, 596.04124pt x 447.03093pt>
File: tractor.jpg Graphic file (type jpg)
 <use tractor.jpg>
Package pdftex.def Info: tractor.jpg used on input line 344.
(pdftex.def)             Requested size: 357.6275pt x 268.22063pt.
 [16

 <./tractor.jpg>] <1D.jpg, id=106, 596.2275pt x 539.01375pt>
File: 1D.jpg Graphic file (type jpg)
 <use 1D.jpg>
Package pdftex.def Info: 1D.jpg used on input line 362.
(pdftex.def)             Requested size: 357.73926pt x 323.41074pt.

<attachmentwithbuffer.png, id=107, 554.82281pt x 374.14781pt>
File: attachmentwithbuffer.png Graphic file (type png)

<use attachmentwithbuffer.png>
Package pdftex.def Info: attachmentwithbuffer.png used on input line 369.
(pdftex.def)             Requested size: 443.85886pt x 299.31863pt.

Overfull \hbox (10.23885pt too wide) in paragraph at lines 369--370
 [] 
 []

[17 <./1D.jpg>] <imaging.jpg, id=111, 635.37375pt x 581.17125pt>
File: imaging.jpg Graphic file (type jpg)

<use imaging.jpg>
Package pdftex.def Info: imaging.jpg used on input line 379.
(pdftex.def)             Requested size: 444.75859pt x 406.8171pt.

Overfull \hbox (11.13858pt too wide) in paragraph at lines 379--380
 [] 
 []

[18 <./attachmentwithbuffer.png>] [19 <./imaging.jpg>]
<HSV.png, id=119, 1606.0pt x 1204.5pt>
File: HSV.png Graphic file (type png)
 <use HSV.png>
Package pdftex.def Info: HSV.png used on input line 393.
(pdftex.def)             Requested size: 321.19432pt x 240.89574pt.
 [20] [21 <./HSV.png>]
[22]
Chapter 5.
<prototype.png, id=132, 633.86812pt x 311.66437pt>
File: prototype.png Graphic file (type png)
 <use prototype.png>
Package pdftex.def Info: prototype.png used on input line 454.
(pdftex.def)             Requested size: 380.3238pt x 187.00006pt.

Underfull \hbox (badness 10000) in paragraph at lines 468--468
[]\OT1/ptm/m/n/12 ECOSS
 []


Underfull \hbox (badness 10000) in paragraph at lines 470--470
[]\OT1/ptm/m/n/12 L298N Mo-tor Drive
 []


Underfull \hbox (badness 3792) in paragraph at lines 472--472
[]\OT1/ptm/m/n/12 Raspberry Pi 2 with
 []


Underfull \hbox (badness 10000) in paragraph at lines 474--474
[]\OT1/ptm/m/n/12 ECOSS
 []


Underfull \hbox (badness 10000) in paragraph at lines 476--476
[]\OT1/ptm/m/n/12 Phantom
 []


Underfull \hbox (badness 3386) in paragraph at lines 476--476
[]\OT1/ptm/m/n/12 40p Male to Fe-male
 []


Overfull \hbox (2.65642pt too wide) in paragraph at lines 484--484
[]\OT1/ptm/m/n/12 Goodwill| 
 []

<laserrange.jpg, id=133, 865.2325pt x 380.42125pt>
File: laserrange.jpg Graphic file (type jpg)
 <use laserrange.jpg>
Package pdftex.def Info: laserrange.jpg used on input line 502.
(pdftex.def)             Requested size: 432.61519pt x 190.21014pt.

[23

 <./prototype.png>] [24] <connection.jpg, id=140, 963.6pt x 722.7pt>
File: connection.jpg Graphic file (type jpg)

<use connection.jpg>
Package pdftex.def Info: connection.jpg used on input line 514.
(pdftex.def)             Requested size: 385.43317pt x 289.07487pt.
 [25 <./laserrange.jpg>] [26 <./connection.jpg>] [27]
[28] [29]
Chapter 6.
<dataday.jpg, id=157, 569.87906pt x 312.41719pt>
File: dataday.jpg Graphic file (type jpg)
 <use dataday.jpg>
Package pdftex.def Info: dataday.jpg used on input line 677.
(pdftex.def)             Requested size: 341.93007pt x 187.45175pt.
 [30

 <./dataday.jpg>] <datanight.jpg, id=161, 587.94656pt x 321.45094pt>
File: datanight.jpg Graphic file (type jpg)

<use datanight.jpg>
Package pdftex.def Info: datanight.jpg used on input line 687.
(pdftex.def)             Requested size: 352.77066pt x 192.87204pt.
 [31 <./datanight.jpg>] [32]
Chapter 7.

Overfull \hbox (29.08873pt too wide) in paragraph at lines 727--727
 |[]\OT1/ptm/b/n/24.88 FUTURE IM-PROVE-MENT| 
 []

<improvedbuffer.png, id=168, 476.53032pt x 331.2375pt>
File: improvedbuffer.png Graphic file (type png)

<use improvedbuffer.png>
Package pdftex.def Info: improvedbuffer.png used on input line 734.
(pdftex.def)             Requested size: 381.22478pt x 264.99034pt.

<improvedcurtain.png, id=169, 441.14813pt x 398.23781pt>
File: improvedcurtain.png Graphic file (type png)

<use improvedcurtain.png>
Package pdftex.def Info: improvedcurtain.png used on input line 743.
(pdftex.def)             Requested size: 352.91898pt x 318.59067pt.
 [33

 <./improvedbuffer.png>]
<segment.png, id=174, 481.8pt x 361.35pt>
File: segment.png Graphic file (type png)
 <use segment.png>
Package pdftex.def Info: segment.png used on input line 753.
(pdftex.def)             Requested size: 289.08221pt x 216.81168pt.
 [34 <./improvedcurtain.png>] [35 <./segment.png>] [36]
Chapter 8.
[37

] [38] [39] [40] (Thesis.bbl [41] [42]
Missing character: There is no â in font ptmr7t!
Missing character: There is no € in font ptmr7t!
Missing character: There is no ™ in font ptmr7t!
 [43

]) [44] (Thesis.aux) ) 
Here is how much of TeX's memory you used:
 15536 strings out of 493698
 320853 string characters out of 3150044
 394894 words of memory out of 3000000
 18523 multiletter control sequences out of 15000+200000
 23880 words of font info for 45 fonts, out of 3000000 for 9000
 1025 hyphenation exceptions out of 8191
 55i,12n,67p,1457b,716s stack positions out of 5000i,500n,10000p,200000b,50000s
{E:/MiKTeX 2.9/fonts/enc/dvips/fontname/8r.enc}<E:/MiKTeX
 2.9/fonts/type1/public/amsfonts/cm/cmex10.pfb><E:/MiKTeX 2.9/fonts/type1/publi
c/amsfonts/cm/cmmi12.pfb><E:/MiKTeX 2.9/fonts/type1/public/amsfonts/cm/cmmi8.pf
b><E:/MiKTeX 2.9/fonts/type1/public/amsfonts/cm/cmr12.pfb><E:/MiKTeX 2.9/fonts/
type1/public/amsfonts/cm/cmr8.pfb><E:/MiKTeX 2.9/fonts/type1/public/amsfonts/cm
/cmsy10.pfb><E:/MiKTeX 2.9/fonts/type1/public/amsfonts/cm/cmsy8.pfb><E:/MiKTeX 
2.9/fonts/type1/urw/times/utmb8a.pfb><E:/MiKTeX 2.9/fonts/type1/urw/times/utmr8
a.pfb><E:/MiKTeX 2.9/fonts/type1/urw/times/utmri8a.pfb>
Output written on Thesis.pdf (53 pages, 3789188 bytes).
PDF statistics:
 247 PDF objects out of 1000 (max. 8388607)
 0 named destinations out of 1000 (max. 500000)
 138 words of extra memory for PDF output out of 10000 (max. 10000000)

